<?xml version="1.0" encoding="UTF-8" standalone="no"?>
<!DOCTYPE report PUBLIC "-//JACOCO//DTD Report 1.1//EN" "report.dtd"[]>
<report name="Pester (12/23/2022 20:01:48)">
  <sessioninfo id="this" start="1671825707419" dump="1671825708738" />
  <package name="SDSqlQuery">
    <class name="SDSqlQuery/SDSqlQuery" sourcefilename="SDSqlQuery.psm1">
      <method name="&lt;script&gt;" desc="()" line="5">
        <counter type="INSTRUCTION" missed="2" covered="0" />
        <counter type="LINE" missed="2" covered="0" />
        <counter type="METHOD" missed="1" covered="0" />
      </method>
      <method name="SqlTrace" desc="()" line="17">
        <counter type="INSTRUCTION" missed="0" covered="9" />
        <counter type="LINE" missed="0" covered="5" />
        <counter type="METHOD" missed="0" covered="1" />
      </method>
      <method name="CsvSafe" desc="()" line="44">
        <counter type="INSTRUCTION" missed="1" covered="14" />
        <counter type="LINE" missed="1" covered="11" />
        <counter type="METHOD" missed="0" covered="1" />
      </method>
      <method name="ConvertObjectToCsv" desc="()" line="78">
        <counter type="INSTRUCTION" missed="3" covered="31" />
        <counter type="LINE" missed="1" covered="16" />
        <counter type="METHOD" missed="0" covered="1" />
      </method>
      <method name="MapColumns" desc="()" line="114">
        <counter type="INSTRUCTION" missed="2" covered="26" />
        <counter type="LINE" missed="1" covered="21" />
        <counter type="METHOD" missed="0" covered="1" />
      </method>
      <method name="GetDataTableSummary" desc="()" line="157">
        <counter type="INSTRUCTION" missed="0" covered="40" />
        <counter type="LINE" missed="0" covered="18" />
        <counter type="METHOD" missed="0" covered="1" />
      </method>
      <method name="ConvertDataTableToCsv" desc="()" line="188">
        <counter type="INSTRUCTION" missed="0" covered="40" />
        <counter type="LINE" missed="0" covered="19" />
        <counter type="METHOD" missed="0" covered="1" />
      </method>
      <method name="ConvertDataRowToCsv" desc="()" line="228">
        <counter type="INSTRUCTION" missed="0" covered="33" />
        <counter type="LINE" missed="0" covered="16" />
        <counter type="METHOD" missed="0" covered="1" />
      </method>
      <method name="ConvertObjectArrayToCsv" desc="()" line="265">
        <counter type="INSTRUCTION" missed="0" covered="11" />
        <counter type="LINE" missed="0" covered="7" />
        <counter type="METHOD" missed="0" covered="1" />
      </method>
      <method name="ConvertHashToString" desc="()" line="281">
        <counter type="INSTRUCTION" missed="3" covered="13" />
        <counter type="LINE" missed="0" covered="8" />
        <counter type="METHOD" missed="0" covered="1" />
      </method>
      <method name="Get-SqlTraceEnabled" desc="()" line="314">
        <counter type="INSTRUCTION" missed="0" covered="1" />
        <counter type="LINE" missed="0" covered="1" />
        <counter type="METHOD" missed="0" covered="1" />
      </method>
      <method name="Invoke-SqlQuery" desc="()" line="428">
        <counter type="INSTRUCTION" missed="34" covered="41" />
        <counter type="LINE" missed="26" covered="31" />
        <counter type="METHOD" missed="0" covered="1" />
      </method>
      <method name="Get-SqlTrace" desc="()" line="638">
        <counter type="INSTRUCTION" missed="0" covered="3" />
        <counter type="LINE" missed="0" covered="3" />
        <counter type="METHOD" missed="0" covered="1" />
      </method>
      <method name="Get-SqlTraceData" desc="()" line="698">
        <counter type="INSTRUCTION" missed="3" covered="8" />
        <counter type="LINE" missed="2" covered="5" />
        <counter type="METHOD" missed="0" covered="1" />
      </method>
      <method name="Set-SqlCacheCredential" desc="()" line="749">
        <counter type="INSTRUCTION" missed="4" covered="17" />
        <counter type="LINE" missed="3" covered="13" />
        <counter type="METHOD" missed="0" covered="1" />
      </method>
      <method name="Write-SqlTraceLog" desc="()" line="818">
        <counter type="INSTRUCTION" missed="8" covered="61" />
        <counter type="LINE" missed="3" covered="38" />
        <counter type="METHOD" missed="0" covered="1" />
      </method>
      <method name="Open-SqlConnection" desc="()" line="933">
        <counter type="INSTRUCTION" missed="6" covered="40" />
        <counter type="LINE" missed="5" covered="33" />
        <counter type="METHOD" missed="0" covered="1" />
      </method>
      <method name="Set-SqlCacheConnectionString" desc="()" line="1019">
        <counter type="INSTRUCTION" missed="0" covered="1" />
        <counter type="LINE" missed="0" covered="1" />
        <counter type="METHOD" missed="0" covered="1" />
      </method>
      <method name="Get-SqlCacheCredential" desc="()" line="1070">
        <counter type="INSTRUCTION" missed="4" covered="17" />
        <counter type="LINE" missed="2" covered="13" />
        <counter type="METHOD" missed="0" covered="1" />
      </method>
      <method name="Clear-SqlTraceLog" desc="()" line="1107">
        <counter type="INSTRUCTION" missed="0" covered="2" />
        <counter type="LINE" missed="0" covered="2" />
        <counter type="METHOD" missed="0" covered="1" />
      </method>
      <method name="Convert-QueryToCsv" desc="()" line="1161">
        <counter type="INSTRUCTION" missed="7" covered="18" />
        <counter type="LINE" missed="4" covered="17" />
        <counter type="METHOD" missed="0" covered="1" />
      </method>
      <method name="Clear-SqlCacheConnectionString" desc="()" line="1216">
        <counter type="INSTRUCTION" missed="0" covered="1" />
        <counter type="LINE" missed="0" covered="1" />
        <counter type="METHOD" missed="0" covered="1" />
      </method>
      <method name="Clear-SqlCacheCredential" desc="()" line="1259">
        <counter type="INSTRUCTION" missed="0" covered="10" />
        <counter type="LINE" missed="0" covered="8" />
        <counter type="METHOD" missed="0" covered="1" />
      </method>
      <method name="Enable-SqlTrace" desc="()" line="1294">
        <counter type="INSTRUCTION" missed="0" covered="1" />
        <counter type="LINE" missed="0" covered="1" />
        <counter type="METHOD" missed="0" covered="1" />
      </method>
      <method name="Get-SqlCacheConnectionString" desc="()" line="1319">
        <counter type="INSTRUCTION" missed="0" covered="1" />
        <counter type="LINE" missed="0" covered="1" />
        <counter type="METHOD" missed="0" covered="1" />
      </method>
      <method name="Convert-QueryToObjects" desc="()" line="1369">
        <counter type="INSTRUCTION" missed="6" covered="66" />
        <counter type="LINE" missed="6" covered="52" />
        <counter type="METHOD" missed="0" covered="1" />
      </method>
      <method name="Disable-SqlTrace" desc="()" line="1469">
        <counter type="INSTRUCTION" missed="0" covered="1" />
        <counter type="LINE" missed="0" covered="1" />
        <counter type="METHOD" missed="0" covered="1" />
      </method>
      <counter type="INSTRUCTION" missed="83" covered="506" />
      <counter type="LINE" missed="56" covered="342" />
      <counter type="METHOD" missed="1" covered="26" />
      <counter type="CLASS" missed="1" covered="0" />
    </class>
    <sourcefile name="SDSqlQuery.psm1">
      <line nr="5" mi="1" ci="0" mb="0" cb="0" />
      <line nr="13" mi="1" ci="0" mb="0" cb="0" />
      <line nr="17" mi="0" ci="1" mb="0" cb="0" />
      <line nr="18" mi="0" ci="2" mb="0" cb="0" />
      <line nr="19" mi="0" ci="4" mb="0" cb="0" />
      <line nr="20" mi="0" ci="1" mb="0" cb="0" />
      <line nr="21" mi="0" ci="1" mb="0" cb="0" />
      <line nr="44" mi="0" ci="1" mb="0" cb="0" />
      <line nr="45" mi="0" ci="1" mb="0" cb="0" />
      <line nr="46" mi="0" ci="1" mb="0" cb="0" />
      <line nr="48" mi="0" ci="1" mb="0" cb="0" />
      <line nr="49" mi="0" ci="1" mb="0" cb="0" />
      <line nr="50" mi="0" ci="1" mb="0" cb="0" />
      <line nr="51" mi="0" ci="2" mb="0" cb="0" />
      <line nr="54" mi="0" ci="3" mb="0" cb="0" />
      <line nr="55" mi="0" ci="1" mb="0" cb="0" />
      <line nr="56" mi="0" ci="1" mb="0" cb="0" />
      <line nr="58" mi="0" ci="1" mb="0" cb="0" />
      <line nr="61" mi="1" ci="0" mb="0" cb="0" />
      <line nr="78" mi="0" ci="1" mb="0" cb="0" />
      <line nr="79" mi="0" ci="1" mb="0" cb="0" />
      <line nr="80" mi="0" ci="2" mb="0" cb="0" />
      <line nr="81" mi="0" ci="1" mb="0" cb="0" />
      <line nr="82" mi="0" ci="1" mb="0" cb="0" />
      <line nr="83" mi="0" ci="1" mb="0" cb="0" />
      <line nr="84" mi="0" ci="3" mb="0" cb="0" />
      <line nr="85" mi="0" ci="3" mb="0" cb="0" />
      <line nr="86" mi="0" ci="3" mb="0" cb="0" />
      <line nr="88" mi="0" ci="2" mb="0" cb="0" />
      <line nr="90" mi="0" ci="2" mb="0" cb="0" />
      <line nr="91" mi="0" ci="3" mb="0" cb="0" />
      <line nr="92" mi="0" ci="3" mb="0" cb="0" />
      <line nr="93" mi="0" ci="1" mb="0" cb="0" />
      <line nr="94" mi="0" ci="3" mb="0" cb="0" />
      <line nr="96" mi="3" ci="0" mb="0" cb="0" />
      <line nr="99" mi="0" ci="1" mb="0" cb="0" />
      <line nr="114" mi="0" ci="1" mb="0" cb="0" />
      <line nr="115" mi="0" ci="2" mb="0" cb="0" />
      <line nr="117" mi="0" ci="1" mb="0" cb="0" />
      <line nr="118" mi="0" ci="1" mb="0" cb="0" />
      <line nr="119" mi="0" ci="1" mb="0" cb="0" />
      <line nr="120" mi="0" ci="3" mb="0" cb="0" />
      <line nr="121" mi="0" ci="1" mb="0" cb="0" />
      <line nr="122" mi="0" ci="1" mb="0" cb="0" />
      <line nr="123" mi="0" ci="1" mb="0" cb="0" />
      <line nr="125" mi="0" ci="1" mb="0" cb="0" />
      <line nr="126" mi="0" ci="1" mb="0" cb="0" />
      <line nr="127" mi="0" ci="1" mb="0" cb="0" />
      <line nr="128" mi="0" ci="1" mb="0" cb="0" />
      <line nr="129" mi="0" ci="1" mb="0" cb="0" />
      <line nr="130" mi="0" ci="1" mb="0" cb="0" />
      <line nr="131" mi="0" ci="1" mb="0" cb="0" />
      <line nr="133" mi="0" ci="1" mb="0" cb="0" />
      <line nr="136" mi="0" ci="1" mb="0" cb="0" />
      <line nr="138" mi="0" ci="1" mb="0" cb="0" />
      <line nr="141" mi="0" ci="1" mb="0" cb="0" />
      <line nr="142" mi="0" ci="3" mb="0" cb="0" />
      <line nr="144" mi="2" ci="0" mb="0" cb="0" />
      <line nr="157" mi="0" ci="1" mb="0" cb="0" />
      <line nr="158" mi="0" ci="1" mb="0" cb="0" />
      <line nr="159" mi="0" ci="1" mb="0" cb="0" />
      <line nr="160" mi="0" ci="2" mb="0" cb="0" />
      <line nr="161" mi="0" ci="1" mb="0" cb="0" />
      <line nr="162" mi="0" ci="3" mb="0" cb="0" />
      <line nr="163" mi="0" ci="3" mb="0" cb="0" />
      <line nr="164" mi="0" ci="3" mb="0" cb="0" />
      <line nr="165" mi="0" ci="2" mb="0" cb="0" />
      <line nr="167" mi="0" ci="3" mb="0" cb="0" />
      <line nr="168" mi="0" ci="1" mb="0" cb="0" />
      <line nr="169" mi="0" ci="2" mb="0" cb="0" />
      <line nr="170" mi="0" ci="4" mb="0" cb="0" />
      <line nr="171" mi="0" ci="3" mb="0" cb="0" />
      <line nr="172" mi="0" ci="2" mb="0" cb="0" />
      <line nr="174" mi="0" ci="5" mb="0" cb="0" />
      <line nr="176" mi="0" ci="2" mb="0" cb="0" />
      <line nr="177" mi="0" ci="1" mb="0" cb="0" />
      <line nr="188" mi="0" ci="3" mb="0" cb="0" />
      <line nr="189" mi="0" ci="1" mb="0" cb="0" />
      <line nr="190" mi="0" ci="1" mb="0" cb="0" />
      <line nr="191" mi="0" ci="1" mb="0" cb="0" />
      <line nr="192" mi="0" ci="1" mb="0" cb="0" />
      <line nr="193" mi="0" ci="3" mb="0" cb="0" />
      <line nr="194" mi="0" ci="3" mb="0" cb="0" />
      <line nr="195" mi="0" ci="3" mb="0" cb="0" />
      <line nr="197" mi="0" ci="2" mb="0" cb="0" />
      <line nr="198" mi="0" ci="1" mb="0" cb="0" />
      <line nr="199" mi="0" ci="3" mb="0" cb="0" />
      <line nr="200" mi="0" ci="1" mb="0" cb="0" />
      <line nr="201" mi="0" ci="3" mb="0" cb="0" />
      <line nr="202" mi="0" ci="3" mb="0" cb="0" />
      <line nr="203" mi="0" ci="1" mb="0" cb="0" />
      <line nr="204" mi="0" ci="3" mb="0" cb="0" />
      <line nr="206" mi="0" ci="3" mb="0" cb="0" />
      <line nr="209" mi="0" ci="3" mb="0" cb="0" />
      <line nr="211" mi="0" ci="1" mb="0" cb="0" />
      <line nr="228" mi="0" ci="1" mb="0" cb="0" />
      <line nr="229" mi="0" ci="1" mb="0" cb="0" />
      <line nr="230" mi="0" ci="1" mb="0" cb="0" />
      <line nr="231" mi="0" ci="3" mb="0" cb="0" />
      <line nr="232" mi="0" ci="1" mb="0" cb="0" />
      <line nr="233" mi="0" ci="1" mb="0" cb="0" />
      <line nr="234" mi="0" ci="3" mb="0" cb="0" />
      <line nr="235" mi="0" ci="3" mb="0" cb="0" />
      <line nr="236" mi="0" ci="3" mb="0" cb="0" />
      <line nr="238" mi="0" ci="2" mb="0" cb="0" />
      <line nr="240" mi="0" ci="3" mb="0" cb="0" />
      <line nr="241" mi="0" ci="3" mb="0" cb="0" />
      <line nr="242" mi="0" ci="1" mb="0" cb="0" />
      <line nr="243" mi="0" ci="3" mb="0" cb="0" />
      <line nr="245" mi="0" ci="3" mb="0" cb="0" />
      <line nr="248" mi="0" ci="1" mb="0" cb="0" />
      <line nr="265" mi="0" ci="1" mb="0" cb="0" />
      <line nr="266" mi="0" ci="1" mb="0" cb="0" />
      <line nr="267" mi="0" ci="1" mb="0" cb="0" />
      <line nr="268" mi="0" ci="1" mb="0" cb="0" />
      <line nr="269" mi="0" ci="5" mb="0" cb="0" />
      <line nr="270" mi="0" ci="1" mb="0" cb="0" />
      <line nr="272" mi="0" ci="1" mb="0" cb="0" />
      <line nr="281" mi="1" ci="1" mb="0" cb="0" />
      <line nr="282" mi="0" ci="1" mb="0" cb="0" />
      <line nr="283" mi="0" ci="2" mb="0" cb="0" />
      <line nr="284" mi="0" ci="2" mb="0" cb="0" />
      <line nr="285" mi="2" ci="1" mb="0" cb="0" />
      <line nr="286" mi="0" ci="2" mb="0" cb="0" />
      <line nr="288" mi="0" ci="2" mb="0" cb="0" />
      <line nr="289" mi="0" ci="2" mb="0" cb="0" />
      <line nr="314" mi="0" ci="1" mb="0" cb="0" />
      <line nr="428" mi="0" ci="1" mb="0" cb="0" />
      <line nr="429" mi="0" ci="1" mb="0" cb="0" />
      <line nr="430" mi="0" ci="1" mb="0" cb="0" />
      <line nr="431" mi="0" ci="1" mb="0" cb="0" />
      <line nr="525" mi="0" ci="1" mb="0" cb="0" />
      <line nr="526" mi="0" ci="1" mb="0" cb="0" />
      <line nr="527" mi="1" ci="1" mb="0" cb="0" />
      <line nr="528" mi="0" ci="2" mb="0" cb="0" />
      <line nr="529" mi="0" ci="2" mb="0" cb="0" />
      <line nr="530" mi="0" ci="2" mb="0" cb="0" />
      <line nr="531" mi="0" ci="1" mb="0" cb="0" />
      <line nr="532" mi="1" ci="0" mb="0" cb="0" />
      <line nr="533" mi="1" ci="0" mb="0" cb="0" />
      <line nr="535" mi="0" ci="1" mb="0" cb="0" />
      <line nr="536" mi="0" ci="1" mb="0" cb="0" />
      <line nr="537" mi="0" ci="1" mb="0" cb="0" />
      <line nr="538" mi="0" ci="1" mb="0" cb="0" />
      <line nr="543" mi="0" ci="1" mb="0" cb="0" />
      <line nr="544" mi="0" ci="1" mb="0" cb="0" />
      <line nr="545" mi="0" ci="1" mb="0" cb="0" />
      <line nr="546" mi="0" ci="1" mb="0" cb="0" />
      <line nr="547" mi="0" ci="1" mb="0" cb="0" />
      <line nr="549" mi="0" ci="1" mb="0" cb="0" />
      <line nr="551" mi="0" ci="1" mb="0" cb="0" />
      <line nr="552" mi="0" ci="1" mb="0" cb="0" />
      <line nr="553" mi="0" ci="2" mb="0" cb="0" />
      <line nr="554" mi="0" ci="4" mb="0" cb="0" />
      <line nr="557" mi="0" ci="1" mb="0" cb="0" />
      <line nr="558" mi="0" ci="1" mb="0" cb="0" />
      <line nr="560" mi="0" ci="2" mb="0" cb="0" />
      <line nr="561" mi="0" ci="1" mb="0" cb="0" />
      <line nr="563" mi="0" ci="2" mb="0" cb="0" />
      <line nr="564" mi="1" ci="0" mb="0" cb="0" />
      <line nr="565" mi="1" ci="0" mb="0" cb="0" />
      <line nr="566" mi="2" ci="0" mb="0" cb="0" />
      <line nr="567" mi="2" ci="0" mb="0" cb="0" />
      <line nr="568" mi="1" ci="0" mb="0" cb="0" />
      <line nr="569" mi="3" ci="0" mb="0" cb="0" />
      <line nr="571" mi="1" ci="0" mb="0" cb="0" />
      <line nr="572" mi="1" ci="0" mb="0" cb="0" />
      <line nr="574" mi="1" ci="0" mb="0" cb="0" />
      <line nr="576" mi="1" ci="0" mb="0" cb="0" />
      <line nr="577" mi="1" ci="0" mb="0" cb="0" />
      <line nr="578" mi="2" ci="0" mb="0" cb="0" />
      <line nr="579" mi="1" ci="0" mb="0" cb="0" />
      <line nr="581" mi="1" ci="0" mb="0" cb="0" />
      <line nr="582" mi="2" ci="0" mb="0" cb="0" />
      <line nr="583" mi="1" ci="0" mb="0" cb="0" />
      <line nr="585" mi="1" ci="0" mb="0" cb="0" />
      <line nr="587" mi="1" ci="0" mb="0" cb="0" />
      <line nr="588" mi="1" ci="0" mb="0" cb="0" />
      <line nr="589" mi="1" ci="0" mb="0" cb="0" />
      <line nr="590" mi="1" ci="0" mb="0" cb="0" />
      <line nr="591" mi="1" ci="0" mb="0" cb="0" />
      <line nr="592" mi="1" ci="0" mb="0" cb="0" />
      <line nr="594" mi="2" ci="0" mb="0" cb="0" />
      <line nr="598" mi="0" ci="2" mb="0" cb="0" />
      <line nr="638" mi="0" ci="1" mb="0" cb="0" />
      <line nr="639" mi="0" ci="1" mb="0" cb="0" />
      <line nr="641" mi="0" ci="1" mb="0" cb="0" />
      <line nr="698" mi="0" ci="2" mb="0" cb="0" />
      <line nr="700" mi="0" ci="2" mb="0" cb="0" />
      <line nr="701" mi="0" ci="1" mb="0" cb="0" />
      <line nr="702" mi="1" ci="0" mb="0" cb="0" />
      <line nr="703" mi="0" ci="1" mb="0" cb="0" />
      <line nr="704" mi="2" ci="0" mb="0" cb="0" />
      <line nr="706" mi="0" ci="2" mb="0" cb="0" />
      <line nr="749" mi="0" ci="1" mb="0" cb="0" />
      <line nr="750" mi="0" ci="1" mb="0" cb="0" />
      <line nr="751" mi="1" ci="0" mb="0" cb="0" />
      <line nr="752" mi="2" ci="0" mb="0" cb="0" />
      <line nr="754" mi="0" ci="1" mb="0" cb="0" />
      <line nr="755" mi="0" ci="1" mb="0" cb="0" />
      <line nr="756" mi="0" ci="1" mb="0" cb="0" />
      <line nr="757" mi="0" ci="1" mb="0" cb="0" />
      <line nr="758" mi="0" ci="2" mb="0" cb="0" />
      <line nr="760" mi="1" ci="0" mb="0" cb="0" />
      <line nr="763" mi="0" ci="2" mb="0" cb="0" />
      <line nr="764" mi="0" ci="2" mb="0" cb="0" />
      <line nr="765" mi="0" ci="1" mb="0" cb="0" />
      <line nr="766" mi="0" ci="1" mb="0" cb="0" />
      <line nr="767" mi="0" ci="1" mb="0" cb="0" />
      <line nr="769" mi="0" ci="2" mb="0" cb="0" />
      <line nr="818" mi="0" ci="1" mb="0" cb="0" />
      <line nr="819" mi="0" ci="1" mb="0" cb="0" />
      <line nr="820" mi="0" ci="1" mb="0" cb="0" />
      <line nr="822" mi="0" ci="3" mb="0" cb="0" />
      <line nr="823" mi="0" ci="2" mb="0" cb="0" />
      <line nr="824" mi="0" ci="1" mb="0" cb="0" />
      <line nr="826" mi="2" ci="0" mb="0" cb="0" />
      <line nr="829" mi="0" ci="1" mb="0" cb="0" />
      <line nr="830" mi="0" ci="1" mb="0" cb="0" />
      <line nr="832" mi="2" ci="0" mb="0" cb="0" />
      <line nr="834" mi="0" ci="3" mb="0" cb="0" />
      <line nr="835" mi="0" ci="1" mb="0" cb="0" />
      <line nr="836" mi="0" ci="1" mb="0" cb="0" />
      <line nr="837" mi="0" ci="1" mb="0" cb="0" />
      <line nr="838" mi="0" ci="2" mb="0" cb="0" />
      <line nr="839" mi="0" ci="1" mb="0" cb="0" />
      <line nr="840" mi="2" ci="1" mb="0" cb="0" />
      <line nr="841" mi="0" ci="2" mb="0" cb="0" />
      <line nr="843" mi="0" ci="2" mb="0" cb="0" />
      <line nr="845" mi="0" ci="1" mb="0" cb="0" />
      <line nr="846" mi="0" ci="2" mb="0" cb="0" />
      <line nr="847" mi="0" ci="4" mb="0" cb="0" />
      <line nr="848" mi="0" ci="2" mb="0" cb="0" />
      <line nr="849" mi="0" ci="3" mb="0" cb="0" />
      <line nr="850" mi="0" ci="2" mb="0" cb="0" />
      <line nr="851" mi="0" ci="1" mb="0" cb="0" />
      <line nr="852" mi="2" ci="0" mb="0" cb="0" />
      <line nr="853" mi="0" ci="1" mb="0" cb="0" />
      <line nr="854" mi="0" ci="3" mb="0" cb="0" />
      <line nr="856" mi="0" ci="1" mb="0" cb="0" />
      <line nr="857" mi="0" ci="1" mb="0" cb="0" />
      <line nr="858" mi="0" ci="2" mb="0" cb="0" />
      <line nr="860" mi="0" ci="1" mb="0" cb="0" />
      <line nr="861" mi="0" ci="1" mb="0" cb="0" />
      <line nr="862" mi="0" ci="2" mb="0" cb="0" />
      <line nr="863" mi="0" ci="1" mb="0" cb="0" />
      <line nr="864" mi="0" ci="1" mb="0" cb="0" />
      <line nr="865" mi="0" ci="2" mb="0" cb="0" />
      <line nr="866" mi="0" ci="2" mb="0" cb="0" />
      <line nr="870" mi="0" ci="1" mb="0" cb="0" />
      <line nr="871" mi="0" ci="2" mb="0" cb="0" />
      <line nr="933" mi="0" ci="1" mb="0" cb="0" />
      <line nr="934" mi="0" ci="1" mb="0" cb="0" />
      <line nr="935" mi="0" ci="1" mb="0" cb="0" />
      <line nr="936" mi="0" ci="2" mb="0" cb="0" />
      <line nr="937" mi="0" ci="1" mb="0" cb="0" />
      <line nr="938" mi="0" ci="1" mb="0" cb="0" />
      <line nr="939" mi="0" ci="1" mb="0" cb="0" />
      <line nr="940" mi="0" ci="1" mb="0" cb="0" />
      <line nr="942" mi="1" ci="0" mb="0" cb="0" />
      <line nr="945" mi="0" ci="1" mb="0" cb="0" />
      <line nr="946" mi="0" ci="2" mb="0" cb="0" />
      <line nr="947" mi="0" ci="2" mb="0" cb="0" />
      <line nr="949" mi="0" ci="1" mb="0" cb="0" />
      <line nr="950" mi="0" ci="1" mb="0" cb="0" />
      <line nr="951" mi="0" ci="1" mb="0" cb="0" />
      <line nr="952" mi="0" ci="1" mb="0" cb="0" />
      <line nr="954" mi="0" ci="1" mb="0" cb="0" />
      <line nr="955" mi="1" ci="0" mb="0" cb="0" />
      <line nr="956" mi="0" ci="1" mb="0" cb="0" />
      <line nr="957" mi="0" ci="1" mb="0" cb="0" />
      <line nr="958" mi="0" ci="2" mb="0" cb="0" />
      <line nr="959" mi="0" ci="1" mb="0" cb="0" />
      <line nr="960" mi="1" ci="0" mb="0" cb="0" />
      <line nr="962" mi="0" ci="2" mb="0" cb="0" />
      <line nr="963" mi="0" ci="1" mb="0" cb="0" />
      <line nr="964" mi="0" ci="1" mb="0" cb="0" />
      <line nr="965" mi="0" ci="1" mb="0" cb="0" />
      <line nr="966" mi="0" ci="1" mb="0" cb="0" />
      <line nr="968" mi="0" ci="1" mb="0" cb="0" />
      <line nr="972" mi="0" ci="1" mb="0" cb="0" />
      <line nr="973" mi="0" ci="2" mb="0" cb="0" />
      <line nr="974" mi="0" ci="2" mb="0" cb="0" />
      <line nr="976" mi="0" ci="1" mb="0" cb="0" />
      <line nr="979" mi="0" ci="1" mb="0" cb="0" />
      <line nr="980" mi="0" ci="1" mb="0" cb="0" />
      <line nr="981" mi="1" ci="0" mb="0" cb="0" />
      <line nr="983" mi="0" ci="1" mb="0" cb="0" />
      <line nr="985" mi="2" ci="0" mb="0" cb="0" />
      <line nr="1019" mi="0" ci="1" mb="0" cb="0" />
      <line nr="1070" mi="0" ci="1" mb="0" cb="0" />
      <line nr="1071" mi="0" ci="1" mb="0" cb="0" />
      <line nr="1072" mi="0" ci="2" mb="0" cb="0" />
      <line nr="1073" mi="0" ci="2" mb="0" cb="0" />
      <line nr="1074" mi="0" ci="1" mb="0" cb="0" />
      <line nr="1075" mi="0" ci="1" mb="0" cb="0" />
      <line nr="1077" mi="0" ci="2" mb="0" cb="0" />
      <line nr="1078" mi="0" ci="1" mb="0" cb="0" />
      <line nr="1080" mi="0" ci="2" mb="0" cb="0" />
      <line nr="1081" mi="0" ci="1" mb="0" cb="0" />
      <line nr="1082" mi="0" ci="1" mb="0" cb="0" />
      <line nr="1083" mi="0" ci="1" mb="0" cb="0" />
      <line nr="1084" mi="1" ci="0" mb="0" cb="0" />
      <line nr="1085" mi="3" ci="0" mb="0" cb="0" />
      <line nr="1087" mi="0" ci="1" mb="0" cb="0" />
      <line nr="1107" mi="0" ci="1" mb="0" cb="0" />
      <line nr="1108" mi="0" ci="1" mb="0" cb="0" />
      <line nr="1161" mi="0" ci="1" mb="0" cb="0" />
      <line nr="1162" mi="0" ci="1" mb="0" cb="0" />
      <line nr="1163" mi="0" ci="1" mb="0" cb="0" />
      <line nr="1164" mi="0" ci="1" mb="0" cb="0" />
      <line nr="1168" mi="0" ci="1" mb="0" cb="0" />
      <line nr="1169" mi="0" ci="1" mb="0" cb="0" />
      <line nr="1170" mi="0" ci="2" mb="0" cb="0" />
      <line nr="1171" mi="0" ci="1" mb="0" cb="0" />
      <line nr="1172" mi="0" ci="1" mb="0" cb="0" />
      <line nr="1173" mi="1" ci="0" mb="0" cb="0" />
      <line nr="1174" mi="0" ci="1" mb="0" cb="0" />
      <line nr="1175" mi="0" ci="1" mb="0" cb="0" />
      <line nr="1176" mi="3" ci="0" mb="0" cb="0" />
      <line nr="1177" mi="1" ci="0" mb="0" cb="0" />
      <line nr="1179" mi="0" ci="1" mb="0" cb="0" />
      <line nr="1181" mi="0" ci="1" mb="0" cb="0" />
      <line nr="1182" mi="0" ci="1" mb="0" cb="0" />
      <line nr="1184" mi="0" ci="1" mb="0" cb="0" />
      <line nr="1185" mi="0" ci="1" mb="0" cb="0" />
      <line nr="1186" mi="2" ci="0" mb="0" cb="0" />
      <line nr="1188" mi="0" ci="1" mb="0" cb="0" />
      <line nr="1216" mi="0" ci="1" mb="0" cb="0" />
      <line nr="1259" mi="0" ci="1" mb="0" cb="0" />
      <line nr="1260" mi="0" ci="1" mb="0" cb="0" />
      <line nr="1262" mi="0" ci="1" mb="0" cb="0" />
      <line nr="1263" mi="0" ci="2" mb="0" cb="0" />
      <line nr="1264" mi="0" ci="2" mb="0" cb="0" />
      <line nr="1265" mi="0" ci="1" mb="0" cb="0" />
      <line nr="1266" mi="0" ci="1" mb="0" cb="0" />
      <line nr="1267" mi="0" ci="1" mb="0" cb="0" />
      <line nr="1294" mi="0" ci="1" mb="0" cb="0" />
      <line nr="1319" mi="0" ci="1" mb="0" cb="0" />
      <line nr="1369" mi="0" ci="1" mb="0" cb="0" />
      <line nr="1370" mi="0" ci="1" mb="0" cb="0" />
      <line nr="1371" mi="0" ci="1" mb="0" cb="0" />
      <line nr="1374" mi="0" ci="1" mb="0" cb="0" />
      <line nr="1375" mi="0" ci="1" mb="0" cb="0" />
      <line nr="1376" mi="0" ci="3" mb="0" cb="0" />
      <line nr="1377" mi="0" ci="1" mb="0" cb="0" />
      <line nr="1378" mi="0" ci="3" mb="0" cb="0" />
      <line nr="1379" mi="0" ci="1" mb="0" cb="0" />
      <line nr="1380" mi="0" ci="1" mb="0" cb="0" />
      <line nr="1381" mi="0" ci="1" mb="0" cb="0" />
      <line nr="1383" mi="0" ci="1" mb="0" cb="0" />
      <line nr="1384" mi="0" ci="1" mb="0" cb="0" />
      <line nr="1385" mi="1" ci="0" mb="0" cb="0" />
      <line nr="1386" mi="0" ci="1" mb="0" cb="0" />
      <line nr="1387" mi="1" ci="0" mb="0" cb="0" />
      <line nr="1389" mi="0" ci="1" mb="0" cb="0" />
      <line nr="1391" mi="0" ci="1" mb="0" cb="0" />
      <line nr="1392" mi="0" ci="1" mb="0" cb="0" />
      <line nr="1393" mi="0" ci="1" mb="0" cb="0" />
      <line nr="1394" mi="0" ci="3" mb="0" cb="0" />
      <line nr="1395" mi="0" ci="1" mb="0" cb="0" />
      <line nr="1396" mi="0" ci="1" mb="0" cb="0" />
      <line nr="1397" mi="0" ci="1" mb="0" cb="0" />
      <line nr="1398" mi="0" ci="2" mb="0" cb="0" />
      <line nr="1399" mi="0" ci="1" mb="0" cb="0" />
      <line nr="1400" mi="0" ci="1" mb="0" cb="0" />
      <line nr="1401" mi="0" ci="1" mb="0" cb="0" />
      <line nr="1403" mi="0" ci="2" mb="0" cb="0" />
      <line nr="1404" mi="0" ci="3" mb="0" cb="0" />
      <line nr="1405" mi="0" ci="1" mb="0" cb="0" />
      <line nr="1406" mi="0" ci="1" mb="0" cb="0" />
      <line nr="1407" mi="1" ci="0" mb="0" cb="0" />
      <line nr="1408" mi="0" ci="1" mb="0" cb="0" />
      <line nr="1409" mi="0" ci="1" mb="0" cb="0" />
      <line nr="1411" mi="0" ci="1" mb="0" cb="0" />
      <line nr="1413" mi="0" ci="1" mb="0" cb="0" />
      <line nr="1415" mi="0" ci="1" mb="0" cb="0" />
      <line nr="1417" mi="0" ci="1" mb="0" cb="0" />
      <line nr="1418" mi="1" ci="0" mb="0" cb="0" />
      <line nr="1420" mi="0" ci="1" mb="0" cb="0" />
      <line nr="1421" mi="0" ci="1" mb="0" cb="0" />
      <line nr="1422" mi="0" ci="1" mb="0" cb="0" />
      <line nr="1423" mi="0" ci="1" mb="0" cb="0" />
      <line nr="1424" mi="0" ci="3" mb="0" cb="0" />
      <line nr="1425" mi="0" ci="1" mb="0" cb="0" />
      <line nr="1426" mi="0" ci="3" mb="0" cb="0" />
      <line nr="1427" mi="0" ci="1" mb="0" cb="0" />
      <line nr="1428" mi="0" ci="1" mb="0" cb="0" />
      <line nr="1429" mi="0" ci="1" mb="0" cb="0" />
      <line nr="1431" mi="0" ci="1" mb="0" cb="0" />
      <line nr="1432" mi="0" ci="1" mb="0" cb="0" />
      <line nr="1433" mi="1" ci="0" mb="0" cb="0" />
      <line nr="1434" mi="0" ci="1" mb="0" cb="0" />
      <line nr="1435" mi="1" ci="0" mb="0" cb="0" />
      <line nr="1437" mi="0" ci="1" mb="0" cb="0" />
      <line nr="1439" mi="0" ci="1" mb="0" cb="0" />
      <line nr="1441" mi="0" ci="1" mb="0" cb="0" />
      <line nr="1469" mi="0" ci="1" mb="0" cb="0" />
      <counter type="INSTRUCTION" missed="83" covered="506" />
      <counter type="LINE" missed="56" covered="342" />
      <counter type="METHOD" missed="1" covered="26" />
      <counter type="CLASS" missed="1" covered="0" />
    </sourcefile>
    <counter type="INSTRUCTION" missed="83" covered="506" />
    <counter type="LINE" missed="56" covered="342" />
    <counter type="METHOD" missed="1" covered="26" />
    <counter type="CLASS" missed="1" covered="0" />
  </package>
  <counter type="INSTRUCTION" missed="83" covered="506" />
  <counter type="LINE" missed="56" covered="342" />
  <counter type="METHOD" missed="1" covered="26" />
  <counter type="CLASS" missed="1" covered="0" />
</report>
